<?xml version="1.0" encoding="UTF-8"?>
<testng-results skipped="0" failed="0" total="1" passed="1">
  <reporter-output>
  </reporter-output>
  <suite name="Suite" duration-ms="47664" started-at="2017-07-25T06:01:41Z" finished-at="2017-07-25T06:02:28Z">
    <groups>
    </groups>
    <test name="Test" duration-ms="47664" started-at="2017-07-25T06:01:41Z" finished-at="2017-07-25T06:02:28Z">
      <class name="com.company.ST.STest">
        <test-method status="PASS" signature="beforeMethod()[pri:0, instance:com.company.ST.STest@7225790e]" name="beforeMethod" is-config="true" duration-ms="16866" started-at="2017-07-25T06:01:41Z" finished-at="2017-07-25T06:01:58Z">
          <reporter-output>
          </reporter-output>
        </test-method> <!-- beforeMethod -->
        <test-method status="PASS" signature="f()[pri:0, instance:com.company.ST.STest@7225790e]" name="f" duration-ms="24677" started-at="2017-07-25T06:01:58Z" finished-at="2017-07-25T06:02:22Z">
          <reporter-output>
          </reporter-output>
        </test-method> <!-- f -->
        <test-method status="PASS" signature="afterMethod()[pri:0, instance:com.company.ST.STest@7225790e]" name="afterMethod" is-config="true" duration-ms="6046" started-at="2017-07-25T06:02:22Z" finished-at="2017-07-25T06:02:28Z">
          <reporter-output>
          </reporter-output>
        </test-method> <!-- afterMethod -->
      </class> <!-- com.company.ST.STest -->
    </test> <!-- Test -->
  </suite> <!-- Suite -->
</testng-results>
